<?xml version="1.0" encoding="UTF-8"?>
<!-- Generated by org.testng.reporters.JUnitXMLReporter -->
<testsuite hostname="Administrator" ignored="4" name="Default test" tests="1" failures="0" timestamp="19 дек 2017 22:31:26 GMT" time="18.737" errors="0">
  <testcase name="isLoginCorrect" time="18.719" classname="by.htp.testng.AppTest"/>
  <testcase name="googleTitleTest" time="0.0" classname="by.htp.testng.AppTest">
    <ignored/>
  </testcase> <!-- googleTitleTest -->
  <testcase name="itAcademy" time="0.0" classname="by.htp.testng.AppTest">
    <ignored/>
  </testcase> <!-- itAcademy -->
  <testcase name="tutMainNewsTest" time="0.0" classname="by.htp.testng.AppTest">
    <ignored/>
  </testcase> <!-- tutMainNewsTest -->
  <testcase name="isTitleGoogleTest" time="0.0" classname="by.htp.testng.AppTest">
    <ignored/>
  </testcase> <!-- isTitleGoogleTest -->
</testsuite> <!-- Default test -->
