<?xml version="1.0" encoding="UTF-8"?>
<testng-results skipped="0" failed="0" ignored="0" total="2" passed="2">
  <reporter-output>
  </reporter-output>
  <suite name="by.htp.testng.testng_study.AppTest" duration-ms="16" started-at="2017-12-08T16:44:20Z" finished-at="2017-12-08T16:44:20Z">
    <groups>
    </groups>
    <test name="Command line test" duration-ms="16" started-at="2017-12-08T16:44:20Z" finished-at="2017-12-08T16:44:20Z">
      <class name="by.htp.testng.testng_study.AppTest">
        <test-method status="PASS" signature="beforeSuit()[pri:0, instance:by.htp.testng.testng_study.AppTest@6bdf28bb]" name="beforeSuit" is-config="true" duration-ms="16" started-at="2017-12-08T19:44:20Z" finished-at="2017-12-08T19:44:20Z">
          <reporter-output>
          </reporter-output>
        </test-method> <!-- beforeSuit -->
        <test-method status="PASS" signature="beforeClass()[pri:0, instance:by.htp.testng.testng_study.AppTest@6bdf28bb]" name="beforeClass" is-config="true" duration-ms="0" started-at="2017-12-08T19:44:20Z" finished-at="2017-12-08T19:44:20Z">
          <reporter-output>
          </reporter-output>
        </test-method> <!-- beforeClass -->
        <test-method status="PASS" signature="beforeMethod()[pri:0, instance:by.htp.testng.testng_study.AppTest@6bdf28bb]" name="beforeMethod" is-config="true" duration-ms="0" started-at="2017-12-08T19:44:20Z" finished-at="2017-12-08T19:44:20Z">
          <reporter-output>
          </reporter-output>
        </test-method> <!-- beforeMethod -->
        <test-method status="PASS" signature="afterMethod()[pri:0, instance:by.htp.testng.testng_study.AppTest@6bdf28bb]" name="afterMethod" is-config="true" duration-ms="0" started-at="2017-12-08T19:44:20Z" finished-at="2017-12-08T19:44:20Z">
          <reporter-output>
          </reporter-output>
        </test-method> <!-- afterMethod -->
        <test-method status="PASS" signature="beforeMethod()[pri:0, instance:by.htp.testng.testng_study.AppTest@6bdf28bb]" name="beforeMethod" is-config="true" duration-ms="0" started-at="2017-12-08T19:44:20Z" finished-at="2017-12-08T19:44:20Z">
          <reporter-output>
          </reporter-output>
        </test-method> <!-- beforeMethod -->
        <test-method status="PASS" signature="afterClass()[pri:0, instance:by.htp.testng.testng_study.AppTest@6bdf28bb]" name="afterClass" is-config="true" duration-ms="0" started-at="2017-12-08T19:44:20Z" finished-at="2017-12-08T19:44:20Z">
          <reporter-output>
          </reporter-output>
        </test-method> <!-- afterClass -->
        <test-method status="PASS" signature="test2()[pri:0, instance:by.htp.testng.testng_study.AppTest@6bdf28bb]" name="test2" duration-ms="0" started-at="2017-12-08T19:44:20Z" finished-at="2017-12-08T19:44:20Z">
          <reporter-output>
          </reporter-output>
        </test-method> <!-- test2 -->
        <test-method status="PASS" signature="afterMethod()[pri:0, instance:by.htp.testng.testng_study.AppTest@6bdf28bb]" name="afterMethod" is-config="true" duration-ms="0" started-at="2017-12-08T19:44:20Z" finished-at="2017-12-08T19:44:20Z">
          <reporter-output>
          </reporter-output>
        </test-method> <!-- afterMethod -->
        <test-method status="PASS" signature="test1()[pri:0, instance:by.htp.testng.testng_study.AppTest@6bdf28bb]" name="test1" duration-ms="0" started-at="2017-12-08T19:44:20Z" finished-at="2017-12-08T19:44:20Z">
          <reporter-output>
          </reporter-output>
        </test-method> <!-- test1 -->
        <test-method status="PASS" signature="afterSuite()[pri:0, instance:by.htp.testng.testng_study.AppTest@6bdf28bb]" name="afterSuite" is-config="true" duration-ms="0" started-at="2017-12-08T19:44:20Z" finished-at="2017-12-08T19:44:20Z">
          <reporter-output>
          </reporter-output>
        </test-method> <!-- afterSuite -->
      </class> <!-- by.htp.testng.testng_study.AppTest -->
    </test> <!-- Command line test -->
  </suite> <!-- by.htp.testng.testng_study.AppTest -->
</testng-results>
