<?xml version="1.0" encoding="UTF-8"?>
<testng-results skipped="0" failed="0" ignored="4" total="5" passed="1">
  <reporter-output>
  </reporter-output>
  <suite name="Default suite" duration-ms="18737" started-at="2017-12-19T22:31:08Z" finished-at="2017-12-19T22:31:26Z">
    <groups>
    </groups>
    <test name="Default test" duration-ms="18737" started-at="2017-12-19T22:31:08Z" finished-at="2017-12-19T22:31:26Z">
      <class name="by.htp.testng.AppTest">
        <test-method status="PASS" signature="setUp()[pri:0, instance:by.htp.testng.AppTest@193948d]" name="setUp" is-config="true" duration-ms="9617" started-at="2017-12-20T00:30:58Z" finished-at="2017-12-20T00:31:08Z">
          <reporter-output>
          </reporter-output>
        </test-method> <!-- setUp -->
        <test-method status="PASS" signature="isLoginCorrect()[pri:0, instance:by.htp.testng.AppTest@193948d]" name="isLoginCorrect" duration-ms="18719" started-at="2017-12-20T00:31:08Z" finished-at="2017-12-20T00:31:26Z">
          <reporter-output>
          </reporter-output>
        </test-method> <!-- isLoginCorrect -->
        <test-method status="PASS" signature="afterClass()[pri:0, instance:by.htp.testng.AppTest@193948d]" name="afterClass" is-config="true" duration-ms="251" started-at="2017-12-20T00:31:26Z" finished-at="2017-12-20T00:31:27Z">
          <reporter-output>
          </reporter-output>
        </test-method> <!-- afterClass -->
      </class> <!-- by.htp.testng.AppTest -->
    </test> <!-- Default test -->
  </suite> <!-- Default suite -->
</testng-results>
